08:09:27.336 [JavaFX Application Thread] DEBUG GameApplication      - Logger initialized
08:09:27.888 [JavaFX Application Thread] DEBUG GameApplication      - Starting FXGL
08:09:27.888 [JavaFX Application Thread] INFO  Version              - FXGL-0.3.9
08:09:27.889 [JavaFX Application Thread] INFO  Version              - Source code and latest versions at: https://github.com/AlmasB/FXGL
08:09:27.889 [JavaFX Application Thread] INFO  Version              -              Join the FXGL chat at: https://gitter.im/AlmasB/FXGL
08:09:27.947 [FXGL Launcher Thread     ] DEBUG FXGL                 - Loading FXGL system data
08:09:27.953 [FXGL Launcher Thread     ] DEBUG IOTask               - Executing task: readDataTask(system/fxgl.bundle)
08:09:27.967 [FXGL Launcher Thread     ] DEBUG FS                   - Reading from: system/fxgl.bundle
08:09:27.982 [FXGL Launcher Thread     ] DEBUG IOTask               - Task succeeded: readDataTask(system/fxgl.bundle)
08:09:27.983 [FXGL Launcher Thread     ] DEBUG Bundle               - Logging bundle: FXGL
08:09:27.984 [FXGL Launcher Thread     ] DEBUG Bundle               - FXGL.offline.timer.version.check=2017-12-09T14:51:16.645
08:09:27.984 [FXGL Launcher Thread     ] DEBUG GameApplication      - FXGL configuration complete
08:09:27.990 [FXGL Launcher Thread     ] INFO  GameApplication      - FXGL configuration took:  0.093 sec
08:09:27.990 [FXGL Launcher Thread     ] DEBUG GameApplication      - Logging game settings
Title: Space Invaders
Version: 0.9.7
Width: 650
Height: 800
Fullscreen: false
Intro: false
Menus: false
Profiling: false
App Mode: DEVELOPER
Menu Key: ESCAPE
Scene Factory: class com.almasb.fxgl.scene.SceneFactory
Dialog Factory: class com.almasb.fxgl.service.impl.display.FXGLDialogFactory
UI Factory: class com.almasb.fxgl.service.impl.ui.FXGLUIFactory
Notification Service: class com.almasb.fxgl.service.impl.notification.FXGLNotificationService
Exception Handler: class com.almasb.fxgl.app.FXGLExceptionHandler
08:09:28.111 [FXGL Launcher Thread     ] DEBUG GameApplication      - Configuring GameApplication
08:09:28.117 [FXGL Launcher Thread     ] DEBUG AppStateMachine      - Initializing application states
08:09:28.130 [FXGL Launcher Thread     ] DEBUG AssetLoader          - Asset cacheSize=35
08:09:28.131 [FXGL Launcher Thread     ] DEBUG AssetLoader          - Loading from disk: /assets/ui/cursors/fxgl_default.png
08:09:28.175 [FXGL Launcher Thread     ] DEBUG AssetLoader          - Loading from disk: /assets/ui/cursors/fxgl_default.png
08:09:28.203 [FXGL Launcher Thread     ] DEBUG AssetLoader          - Loading from disk: /assets/sounds/core/notification.wav
08:09:28.268 [FXGL Launcher Thread     ] DEBUG AssetLoader          - Loading from disk: /assets/sounds/menu/select.wav
08:09:28.271 [FXGL Launcher Thread     ] DEBUG AssetLoader          - Loading from disk: /assets/sounds/menu/back.wav
08:09:28.273 [FXGL Launcher Thread     ] DEBUG AssetLoader          - Loading from disk: /assets/sounds/menu/press.wav
08:09:28.275 [FXGL Launcher Thread     ] DEBUG AssetLoader          - Loading from disk: /assets/ui/fonts/Copperplate_Gothic_Light_Regular.ttf
08:09:28.303 [FXGL Launcher Thread     ] DEBUG AssetLoader          - Loading from disk: /assets/ui/fonts/lucida_console.ttf
08:09:28.310 [FXGL Launcher Thread     ] DEBUG AssetLoader          - Loading from disk: /assets/ui/css/fxgl_dark.css
08:09:28.311 [FXGL Launcher Thread     ] DEBUG AssetLoader          - Loading from disk: /assets/ui/icons/fxgl_icon.png
08:09:28.347 [FXGL Launcher Thread     ] DEBUG AssetLoader          - Loading from disk: /assets/ui/cursors/fxgl_default.png
08:09:28.469 [FXGL Launcher Thread     ] DEBUG FXGL.GameScene       - Game scene initialized: 650x800
08:09:28.504 [FXGL Launcher Thread     ] DEBUG FXGL.GameWorld       - Game world initialized
08:09:28.642 [FXGL Launcher Thread     ] DEBUG FXGL.PhysicsWorld    - Physics world initialized: appHeight=800, physics.ppm=50.0
08:09:28.685 [FXGL Launcher Thread     ] DEBUG Input                - Registered new binding: Pause - Esc
08:09:28.732 [FXGL Launcher Thread     ] INFO  GameApplication      - Game configuration took:  0.621 sec
08:09:28.734 [JavaFX Application Thread] DEBUG MainWindow           - Target size: 650.0 x 800.0 @ 1.0
08:09:28.734 [JavaFX Application Thread] DEBUG MainWindow           - New size:    650.0 x 800.0 @ 1.0
08:09:28.734 [JavaFX Application Thread] DEBUG MainWindow           - Opening main window
08:09:28.815 [JavaFX Application Thread] DEBUG MainWindow           - Root size:  650.0x800.0
08:09:28.816 [JavaFX Application Thread] DEBUG MainWindow           - Scene size: 650.0x800.0
08:09:28.816 [JavaFX Application Thread] DEBUG MainWindow           - Stage size: 650.0x822.0
08:09:28.816 [JavaFX Application Thread] DEBUG GameApplication      - Running preInit()
08:09:28.820 [JavaFX Application Thread] DEBUG AchievementManager   - Registered new achievement "Hitman"
08:09:28.821 [JavaFX Application Thread] DEBUG AchievementManager   - Registered new achievement "Master Scorer"
08:09:28.822 [JavaFX Application Thread] DEBUG Input                - Registered new binding: Screenshot - P
08:09:28.822 [JavaFX Application Thread] DEBUG Input                - Registered new binding: Dev Options - CTRL+0
08:09:28.823 [JavaFX Application Thread] DEBUG Input                - Registered new binding: Next Level - L
08:09:28.824 [JavaFX Application Thread] DEBUG Input                - Registered new binding: Move Left - A
08:09:28.824 [JavaFX Application Thread] DEBUG Input                - Registered new binding: Laser Beam - SECONDARY
08:09:28.825 [JavaFX Application Thread] DEBUG Input                - Registered new binding: Shoot - PRIMARY
08:09:28.825 [JavaFX Application Thread] DEBUG Input                - Registered new binding: Move Right - D
08:09:28.829 [JavaFX Application Thread] DEBUG AssetLoader          - Loading from disk: /assets/music/bgm.mp3
08:09:28.829 [JavaFX Application Thread] FATAL AssetLoader          - Loading failed for asset: bgm.mp3. Cause: Asset "/assets/music/bgm.mp3" was not found!
08:09:28.829 [JavaFX Application Thread] FATAL GameApplication      - Uncaught Exception:
08:09:28.830 [JavaFX Application Thread] FATAL GameApplication      - 

Exception occurred: java.lang.IllegalArgumentException : Failed to load asset: bgm.mp3. Cause: Asset "/assets/music/bgm.mp3" was not found!
E: com.almasb.fxgl.asset.AssetLoader.loadFailed(AssetLoader.kt:652)
E: com.almasb.fxgl.asset.AssetLoader.loadMusic(AssetLoader.kt:242)
E: com.almasb.fxgl.audio.AudioPlayer.loopBGM(AudioPlayer.kt:189)
E: com.almasb.fxgl.app.DSLKt.loopBGM(DSL.kt:72)
E: com.almasb.fxglgames.spaceinvaders.SpaceInvadersApp.preInit(SpaceInvadersApp.java:149)
E: com.almasb.fxgl.app.GameApplication.runPreInit(GameApplication.java:341)
E: com.almasb.fxgl.app.GameApplication.lambda$launchGame$11(GameApplication.java:312)
E: com.almasb.fxgl.core.concurrent.Async.lambda$startFX$1(Async.java:61)
E: com.almasb.fxgl.core.concurrent.FXCoroutine$1.run(FXCoroutine.kt:34)
E: com.sun.javafx.application.PlatformImpl.lambda$null$172(PlatformImpl.java:295)
E: java.security.AccessController.doPrivileged(Native Method)
E: com.sun.javafx.application.PlatformImpl.lambda$runLater$173(PlatformImpl.java:294)
E: com.sun.glass.ui.InvokeLaterDispatcher$Future.run(InvokeLaterDispatcher.java:95)

08:09:28.830 [JavaFX Application Thread] FATAL GameApplication      - Application will now exit
08:09:30.047 [JavaFX Application Thread] DEBUG GameApplication      - Exiting game application
08:09:30.048 [JavaFX Application Thread] DEBUG GameApplication      - Shutting down background threads
08:09:30.050 [JavaFX Application Thread] DEBUG GameApplication      - Exiting FXGL
08:09:30.050 [JavaFX Application Thread] DEBUG FXGL                 - Saving FXGL system data
08:09:30.051 [JavaFX Application Thread] DEBUG IOTask               - Executing task: writeDataTask(system/fxgl.bundle)
08:09:30.053 [JavaFX Application Thread] DEBUG FS                   - Writing to: system/fxgl.bundle
08:09:30.057 [JavaFX Application Thread] DEBUG IOTask               - Task succeeded: writeDataTask(system/fxgl.bundle)
08:09:30.057 [JavaFX Application Thread] DEBUG GameApplication      - Closing logger and exiting JavaFX
